<?xml version="1.0" encoding="UTF-8"?>
<!-- Generated by org.testng.reporters.JUnitReportReporter -->
<testsuite skipped="0" hostname="NBDM11C-096" name="com.AccessGuard.Access.LoginXing" tests="3" failures="0" timestamp="2022-11-08T13:29:22 GMT" time="53.731" errors="0">
  <testcase name="xing" time="16.958" classname="com.AccessGuard.Access.LoginXing"/>
  <system-out/>
  <testcase name="xing" time="20.001" classname="com.AccessGuard.Access.LoginXing"/>
  <system-out/>
  <testcase name="xing" time="16.772" classname="com.AccessGuard.Access.LoginXing"/>
  <system-out/>
</testsuite> <!-- com.AccessGuard.Access.LoginXing -->
