<?xml version="1.0" encoding="UTF-8"?>
<!-- Generated by org.testng.reporters.JUnitReportReporter -->
<testsuite skipped="0" hostname="NBDM11C-096" name="com.AccessGuard.Access.Login" tests="3" failures="0" timestamp="2022-11-08T12:12:09 GMT" time="53.817" errors="0">
  <testcase name="demoClass" time="17.113" classname="com.AccessGuard.Access.Login"/>
  <system-out/>
  <testcase name="demoClass" time="16.682" classname="com.AccessGuard.Access.Login"/>
  <system-out/>
  <testcase name="demoClass" time="20.022" classname="com.AccessGuard.Access.Login"/>
  <system-out/>
</testsuite> <!-- com.AccessGuard.Access.Login -->
